-------------------------------------------------------------------------------
Test set: com.FoodDelivery.FoodDelivery.FoodDeliveryApplicationTests
-------------------------------------------------------------------------------
Tests run: 1, Failures: 0, Errors: 1, Skipped: 0, Time elapsed: 7.904 s <<< FAILURE! - in com.FoodDelivery.FoodDelivery.FoodDeliveryApplicationTests
contextLoads  Time elapsed: 0 s  <<< ERROR!
java.lang.IllegalStateException: Failed to load ApplicationContext
Caused by: org.springframework.beans.factory.UnsatisfiedDependencyException: Error creating bean with name 'securityConfig' defined in file [C:\Projekty\FoodDelivery\FoodDelivery-Backend\target\classes\com\FoodDelivery\FoodDelivery\Configuration\SecurityConfig.class]: Unsatisfied dependency expressed through constructor parameter 1; nested exception is org.springframework.beans.factory.UnsatisfiedDependencyException: Error creating bean with name 'jwtTokenFilter' defined in file [C:\Projekty\FoodDelivery\FoodDelivery-Backend\target\classes\com\FoodDelivery\FoodDelivery\Security\JwtTokenFilter.class]: Unsatisfied dependency expressed through constructor parameter 0; nested exception is org.springframework.beans.factory.UnsatisfiedDependencyException: Error creating bean with name 'jwtTokenUtil' defined in file [C:\Projekty\FoodDelivery\FoodDelivery-Backend\target\classes\com\FoodDelivery\FoodDelivery\Security\JwtTokenUtil.class]: Unsatisfied dependency expressed through constructor parameter 0; nested exception is org.springframework.beans.factory.NoSuchBeanDefinitionException: No qualifying bean of type 'org.slf4j.Logger' available: expected at least 1 bean which qualifies as autowire candidate. Dependency annotations: {}
Caused by: org.springframework.beans.factory.UnsatisfiedDependencyException: Error creating bean with name 'jwtTokenFilter' defined in file [C:\Projekty\FoodDelivery\FoodDelivery-Backend\target\classes\com\FoodDelivery\FoodDelivery\Security\JwtTokenFilter.class]: Unsatisfied dependency expressed through constructor parameter 0; nested exception is org.springframework.beans.factory.UnsatisfiedDependencyException: Error creating bean with name 'jwtTokenUtil' defined in file [C:\Projekty\FoodDelivery\FoodDelivery-Backend\target\classes\com\FoodDelivery\FoodDelivery\Security\JwtTokenUtil.class]: Unsatisfied dependency expressed through constructor parameter 0; nested exception is org.springframework.beans.factory.NoSuchBeanDefinitionException: No qualifying bean of type 'org.slf4j.Logger' available: expected at least 1 bean which qualifies as autowire candidate. Dependency annotations: {}
Caused by: org.springframework.beans.factory.UnsatisfiedDependencyException: Error creating bean with name 'jwtTokenUtil' defined in file [C:\Projekty\FoodDelivery\FoodDelivery-Backend\target\classes\com\FoodDelivery\FoodDelivery\Security\JwtTokenUtil.class]: Unsatisfied dependency expressed through constructor parameter 0; nested exception is org.springframework.beans.factory.NoSuchBeanDefinitionException: No qualifying bean of type 'org.slf4j.Logger' available: expected at least 1 bean which qualifies as autowire candidate. Dependency annotations: {}
Caused by: org.springframework.beans.factory.NoSuchBeanDefinitionException: No qualifying bean of type 'org.slf4j.Logger' available: expected at least 1 bean which qualifies as autowire candidate. Dependency annotations: {}

